<?xml version="1.0" encoding="UTF-8"?>
<!-- Generated by org.testng.reporters.JUnitXMLReporter -->
<testsuite ignored="0" hostname="LAPTOP-BMK2N8MV" failures="0" tests="1" name="Test-Runner 1" time="20.701" errors="0" timestamp="2023-10-11T20:34:49 IST">
  <testcase classname="ContactsTestUsingBaseClass.CreateContactBaseClass" name="createconntact" time="9.504"/>
</testsuite> <!-- Test-Runner 1 -->
