<?xml version="1.0" encoding="UTF-8"?>
<!-- Generated by org.testng.reporters.JUnitXMLReporter -->
<testsuite ignored="0" hostname="LAPTOP-BMK2N8MV" failures="0" tests="1" name="Test-Runner 2" time="28.475" errors="0" timestamp="2023-10-11T20:34:57 IST">
  <testcase classname="ContactsTestUsingBaseClass.CreateContactWithorgUsingbaseclassTest" name="createContactWithOrgTest" time="17.886"/>
</testsuite> <!-- Test-Runner 2 -->
