<?xml version="1.0" encoding="UTF-8"?>
<!-- Generated by org.testng.reporters.JUnitReportReporter -->
<testsuite hostname="LAPTOP-BMK2N8MV" failures="0" tests="5" name="OrganizationTestUsingBaseClass.CreateMultipleOrgWithInIndustryBASEClassTest" time="81.344" errors="0" timestamp="2023-10-17T20:43:33 IST" skipped="0">
  <testcase classname="OrganizationTestUsingBaseClass.CreateMultipleOrgWithInIndustryBASEClassTest" name="createMultipleOrg" time="16.304"/>
  <testcase classname="OrganizationTestUsingBaseClass.CreateMultipleOrgWithInIndustryBASEClassTest" name="createMultipleOrg" time="16.593"/>
  <testcase classname="OrganizationTestUsingBaseClass.CreateMultipleOrgWithInIndustryBASEClassTest" name="createMultipleOrg" time="15.844"/>
  <testcase classname="OrganizationTestUsingBaseClass.CreateMultipleOrgWithInIndustryBASEClassTest" name="createMultipleOrg" time="16.670"/>
  <testcase classname="OrganizationTestUsingBaseClass.CreateMultipleOrgWithInIndustryBASEClassTest" name="createMultipleOrg" time="15.933"/>
  <system-out>
    <![CDATA[clicked on contacts link
create contact look up img
Header captured
Hedder Captured
Hedder valiated]]>
  </system-out>
</testsuite> <!-- OrganizationTestUsingBaseClass.CreateMultipleOrgWithInIndustryBASEClassTest -->
