<?xml version="1.0" encoding="UTF-8"?>
<!-- Generated by org.testng.reporters.JUnitReportReporter -->
<testsuite hostname="LAPTOP-BMK2N8MV" failures="0" tests="2" name="ContactsTestUsingBaseClass.CreateContactBaseClass" time="23.115" errors="0" timestamp="2023-10-17T20:43:33 IST" skipped="0">
  <testcase classname="ContactsTestUsingBaseClass.CreateContactBaseClass" name="demo" time="5.755"/>
  <testcase classname="ContactsTestUsingBaseClass.CreateContactBaseClass" name="createconntact" time="17.360">
    <system-out>
      <![CDATA[clicked on contacts link
create contact look up img
Header captured
Hedder Captured
Hedder valiated]]>
    </system-out>
  </testcase> <!-- createconntact -->
  <system-out>
    <![CDATA[clicked on contacts link
create contact look up img
Header captured
Hedder Captured
Hedder valiated]]>
  </system-out>
</testsuite> <!-- ContactsTestUsingBaseClass.CreateContactBaseClass -->
