<?xml version="1.0" encoding="UTF-8"?>
<!-- Generated by org.testng.reporters.JUnitReportReporter -->
<testsuite hostname="LAPTOP-BMK2N8MV" failures="0" tests="1" name="contactsTest.CreateContactWithOrganizationTest" time="27.250" errors="0" timestamp="2023-10-10T20:41:33 IST" skipped="0">
  <testcase classname="contactsTest.CreateContactWithOrganizationTest" name="createContactWithOrgTest" time="27.250"/>
</testsuite> <!-- contactsTest.CreateContactWithOrganizationTest -->
