<?xml version="1.0" encoding="UTF-8"?>
<!-- Generated by org.testng.reporters.JUnitReportReporter -->
<testsuite hostname="LAPTOP-BMK2N8MV" failures="0" tests="3" name="Practice.DataProviderPractice" time="0.017" errors="0" timestamp="2023-10-05T20:12:27 IST" skipped="0">
  <testcase classname="Practice.DataProviderPractice" name="addProductToCart" time="0.002"/>
  <testcase classname="Practice.DataProviderPractice" name="addProductToCart" time="0.013"/>
  <testcase classname="Practice.DataProviderPractice" name="addProductToCart" time="0.002"/>
</testsuite> <!-- Practice.DataProviderPractice -->
