<?xml version="1.0" encoding="UTF-8"?>
<!-- Generated by org.testng.reporters.JUnitReportReporter -->
<testsuite hostname="LAPTOP-BMK2N8MV" failures="0" tests="1" name="OrganizationTestUsingBaseClass.CreateOrganizationBase" time="16.039" errors="0" timestamp="2023-10-17T20:43:33 IST" skipped="0">
  <testcase classname="OrganizationTestUsingBaseClass.CreateOrganizationBase" name="createorg" time="16.039"/>
  <system-out>
    <![CDATA[clicked on contacts link
create contact look up img
Header captured
Hedder Captured
Hedder valiated]]>
  </system-out>
</testsuite> <!-- OrganizationTestUsingBaseClass.CreateOrganizationBase -->
