<?xml version="1.0" encoding="UTF-8"?>
<!-- Generated by org.testng.reporters.JUnitReportReporter -->
<testsuite hostname="LAPTOP-BMK2N8MV" failures="0" tests="5" name="organizationsTests.CreateMultipleOrgWithInIndustryBASEClassTest" time="50.768" errors="0" timestamp="2023-10-09T20:11:35 IST" skipped="0">
  <testcase classname="organizationsTests.CreateMultipleOrgWithInIndustryBASEClassTest" name="createMultipleOrg" time="10.335"/>
  <testcase classname="organizationsTests.CreateMultipleOrgWithInIndustryBASEClassTest" name="createMultipleOrg" time="10.176"/>
  <testcase classname="organizationsTests.CreateMultipleOrgWithInIndustryBASEClassTest" name="createMultipleOrg" time="10.207"/>
  <testcase classname="organizationsTests.CreateMultipleOrgWithInIndustryBASEClassTest" name="createMultipleOrg" time="10.174"/>
  <testcase classname="organizationsTests.CreateMultipleOrgWithInIndustryBASEClassTest" name="createMultipleOrg" time="9.876"/>
</testsuite> <!-- organizationsTests.CreateMultipleOrgWithInIndustryBASEClassTest -->
