<?xml version="1.0" encoding="UTF-8"?>
<!-- Generated by org.testng.reporters.JUnitReportReporter -->
<testsuite hostname="LAPTOP-BMK2N8MV" failures="0" tests="1" name="Practice.ReadDataFromCMDLine" time="0.010" errors="0" timestamp="2023-10-25T19:57:03 IST" skipped="0">
  <testcase classname="Practice.ReadDataFromCMDLine" name="read" time="0.010"/>
</testsuite> <!-- Practice.ReadDataFromCMDLine -->
