<?xml version="1.0" encoding="UTF-8"?>
<!-- Generated by org.testng.reporters.JUnitReportReporter -->
<testsuite hostname="LAPTOP-BMK2N8MV" failures="0" tests="1" name="ContactsTestUsingBaseClass.CreateContactWithorgUsingbaseclassTest" time="27.589" errors="0" timestamp="2023-10-17T20:43:33 IST" skipped="0">
  <testcase classname="ContactsTestUsingBaseClass.CreateContactWithorgUsingbaseclassTest" name="createContactWithOrgTest" time="27.589"/>
  <system-out>
    <![CDATA[clicked on contacts link
create contact look up img
Header captured
Hedder Captured
Hedder valiated]]>
  </system-out>
</testsuite> <!-- ContactsTestUsingBaseClass.CreateContactWithorgUsingbaseclassTest -->
