<?xml version="1.0" encoding="UTF-8"?>
<!-- Generated by org.testng.reporters.JUnitReportReporter -->
<testsuite hostname="LAPTOP-BMK2N8MV" failures="0" tests="1" name="organizationsTests.CreateOrganizationTest" time="18.322" errors="0" timestamp="2023-10-10T20:41:33 IST" skipped="0">
  <testcase classname="organizationsTests.CreateOrganizationTest" name="createOrganization" time="18.322"/>
</testsuite> <!-- organizationsTests.CreateOrganizationTest -->
