<?xml version="1.0" encoding="UTF-8"?>
<!-- Generated by org.testng.reporters.JUnitReportReporter -->
<testsuite hostname="LAPTOP-BMK2N8MV" failures="0" tests="1" name="contactsTest.CreateContactWithorgUsingbaseclassTest" time="17.868" errors="0" timestamp="2023-10-09T20:03:28 IST" skipped="0">
  <testcase classname="contactsTest.CreateContactWithorgUsingbaseclassTest" name="createContactWithOrgTest" time="17.868"/>
</testsuite> <!-- contactsTest.CreateContactWithorgUsingbaseclassTest -->
